2024-01-29T10:27:17.971656 - solermvictor - sum, 4, 3 = 7
2024-01-30T09:30:09.575056 - solermvictor - sum, 1, 1 = 2
2024-01-31T22:51:22.350045 - victor - sum, 8, 9 = 17
2024-01-31T22:53:50.871567 - victor - sum, 9, 6 = 15
2024-01-31T22:53:54.443745 - victor - div, 90, 5 = 18.0
2024-01-31T22:55:43.836805 - victor - sum, 4, 2 = 6
2024-01-31T22:56:00.470859 - victor - sub, 5, 4 = 1
2024-01-31T22:56:37.216141 - victor - sum, 9, 6 = 15
2024-01-31T22:56:51.806377 - victor - sub, 8, 9 = -1
2024-02-19T16:15:23.400475 - solermvictor - sum, 5, 5 = 10
2024-02-19T16:15:32.260045 - solermvictor - sum, 5, 5 = 10
2024-02-19T16:17:46.563872 - solermvictor - sum, 5, 5 = 10
2024-02-19T16:17:47.211248 - solermvictor - sum, 5, 5 = 10
2024-02-19T16:17:47.966072 - solermvictor - sum, 5, 5 = 10
2024-02-19T16:17:48.204004 - solermvictor - sum, 5, 5 = 10
2024-02-19T16:18:45.885858 - solermvictor - sum, 5, 5 = 10
2024-02-19T16:18:47.328705 - solermvictor - sum, 5, 5 = 10
2024-02-19T16:19:38.562642 - solermvictor - sum, 5, 5 = 10
2024-02-19T16:19:39.307644 - solermvictor - sum, 5, 5 = 10
2024-02-19T16:19:39.972539 - solermvictor - sum, 5, 5 = 10
2024-02-19T16:19:40.137204 - solermvictor - sum, 5, 5 = 10
2024-02-19T16:19:40.276457 - solermvictor - sum, 5, 5 = 10
2024-02-19T16:19:40.420022 - solermvictor - sum, 5, 5 = 10
2024-02-19T16:19:40.573876 - solermvictor - sum, 5, 5 = 10
2024-02-19T16:20:23.184108 - solermvictor - sum, 5, 5 = 10
2024-02-19T16:20:24.090142 - solermvictor - sum, 5, 5 = 10
2024-02-19T16:20:25.206692 - solermvictor - sum, 5, 5 = 10
2024-02-19T16:20:48.481234 - solermvictor - sum, 5, 5 = 10
2024-02-19T16:20:53.519983 - solermvictor - sub, 10, 8 = 2
2024-02-19T16:27:38.968450 - solermvictor - sum, 5, 5 = 10
2024-02-19T16:27:38.968450 - solermvictor - sub, 10, 6 = 4
2024-02-19T16:27:49.756150 - solermvictor - sum, 5, 5 = 10
2024-02-19T16:28:56.840282 - solermvictor - sum, 5, 5 = <function <lambda> at 0x7d3ce5b984a0>
2024-02-19T16:29:20.480064 - solermvictor - sum, 5, 5 = 10
2024-02-19T16:29:20.480064 - solermvictor - sub, 10, 8 = 2
2024-02-19T16:29:20.480064 - solermvictor - div, 10, 2 = 5.0
2024-02-19T16:29:20.480064 - solermvictor - mul, 10, 5 = 50
2024-02-19T16:34:14.739449 - solermvictor - sum, 5, 5 = 10
2024-02-19T16:34:14.739449 - solermvictor - sub, 10, 4 = 6
